[debug] [2022-04-30T17:36:52.048Z] ----------------------------------------------------------------------
[debug] [2022-04-30T17:36:52.051Z] Command:       C:\Program Files\nodejs\node.exe C:\Users\HRIDOY\AppData\Roaming\npm\node_modules\firebase-tools\lib\bin\firebase.js init
[debug] [2022-04-30T17:36:52.051Z] CLI Version:   10.7.1
[debug] [2022-04-30T17:36:52.052Z] Platform:      win32
[debug] [2022-04-30T17:36:52.052Z] Node Version:  v16.14.0
[debug] [2022-04-30T17:36:52.058Z] Time:          Sat Apr 30 2022 23:36:52 GMT+0600 (Bangladesh Standard Time)
[debug] [2022-04-30T17:36:52.058Z] ----------------------------------------------------------------------
[debug] 
[debug] [2022-04-30T17:36:52.065Z] >>> [apiv2][query] GET https://firebase-public.firebaseio.com/cli.json [none]
[debug] [2022-04-30T17:36:52.096Z] > command requires scopes: ["email","openid","https://www.googleapis.com/auth/cloudplatformprojects.readonly","https://www.googleapis.com/auth/firebase","https://www.googleapis.com/auth/cloud-platform"]
[debug] [2022-04-30T17:36:52.096Z] > authorizing via signed-in user (rakibhasanhridoy776@gmail.com)
[info] 
     ######## #### ########  ######## ########     ###     ######  ########
     ##        ##  ##     ## ##       ##     ##  ##   ##  ##       ##
     ######    ##  ########  ######   ########  #########  ######  ######
     ##        ##  ##    ##  ##       ##     ## ##     ##       ## ##
     ##       #### ##     ## ######## ########  ##     ##  ######  ########

You're about to initialize a Firebase project in this directory:

  C:\Users\HRIDOY\Desktop\projects\warehouse-management-client-side

[debug] [2022-04-30T17:36:53.811Z] <<< [apiv2][status] GET https://firebase-public.firebaseio.com/cli.json 200
[debug] [2022-04-30T17:36:53.812Z] <<< [apiv2][body] GET https://firebase-public.firebaseio.com/cli.json {"cloudBuildErrorAfter":1594252800000,"cloudBuildWarnAfter":1590019200000,"defaultNode10After":1594252800000,"minVersion":"3.0.5","node8DeploysDisabledAfter":1613390400000,"node8RuntimeDisabledAfter":1615809600000,"node8WarnAfter":1600128000000}
